Arguments: 
  C:\Program Files\nodejs\node.exe C:\Users\10210\AppData\Roaming\npm\node_modules\yarn\bin\yarn.js add vue/compiler-sfc@3.0.8 -D

PATH: 
  C:\Program Files\PowerShell\7;C:\dev\python27_\;C:\dev\python27_\Scripts;C:\Program Files (x86)\Common Files\Oracle\Java\javapath;C:\dev\curl-7.75.0-win64-mingw;C:\Windows\system32;C:\Windows;C:\Windows\System32\Wbem;C:\Windows\System32\WindowsPowerShell\v1.0\;C:\Windows\System32\OpenSSH\;C:\Program Files\Microsoft VS Code\bin;C:\Program Files\nodejs\;C:\Program Files\Git\cmd;C:\Program Files\TortoiseSVN\bin;C:\Program Files\PowerShell\7\;C:\Program Files\MySQL\MySQL Server 8.0\bin\;C:\Program Files\MySQL\MySQL Shell 8.0\bin\;C:\Program Files\Git\usr\bin;C:\dev\nginx-1.18.0;C:\dev\curl-7.75.0-win64-mingw;C:\Users\10210\AppData\Local\Programs\Python\Python39\Scripts\;C:\Users\10210\AppData\Local\Programs\Python\Python39\;C:\Users\10210\AppData\Local\Microsoft\WindowsApps;C:\Users\10210\AppData\Roaming\npm;C:\Users\10210\AppData\Local\GitHubDesktop\bin;

Yarn version: 
  1.22.10

Node version: 
  14.15.5

Platform: 
  win32 x64

Trace: 
  Error: https://registry.npm.taobao.org/vue%2fcompiler-sfc: Request "https://registry.npm.taobao.org/vue%2fcompiler-sfc" returned a 405
      at Request.params.callback [as _callback] (C:\Users\10210\AppData\Roaming\npm\node_modules\yarn\lib\cli.js:66997:18)
      at Request.self.callback (C:\Users\10210\AppData\Roaming\npm\node_modules\yarn\lib\cli.js:140662:22)
      at Request.emit (events.js:315:20)
      at Request.<anonymous> (C:\Users\10210\AppData\Roaming\npm\node_modules\yarn\lib\cli.js:141634:10)
      at Request.emit (events.js:315:20)
      at IncomingMessage.<anonymous> (C:\Users\10210\AppData\Roaming\npm\node_modules\yarn\lib\cli.js:141556:12)
      at Object.onceWrapper (events.js:421:28)
      at IncomingMessage.emit (events.js:327:22)
      at endReadableNT (internal/streams/readable.js:1327:12)
      at processTicksAndRejections (internal/process/task_queues.js:80:21)

npm manifest: 
  {
    "name": "demo",
    "version": "1.0.0",
    "license": "MIT",
    "scripts": {
      "dev": "vite",
      "build": "vite build",
      "serve": "vite preview"
    },
    "dependencies": {
      "marked": "^3.0.0",
      "qs": "^6.10.1"
    },
    "devDependencies": {
      "@vitejs/plugin-legacy": "^1.5.1",
      "@vitejs/plugin-vue": "^1.4.0"
    }
  }

yarn manifest: 
  No manifest

Lockfile: 
  # THIS IS AN AUTOGENERATED FILE. DO NOT EDIT THIS FILE DIRECTLY.
  # yarn lockfile v1
  
  
  "@babel/standalone@^7.14.9":
    version "7.15.3"
    resolved "https://registry.nlark.com/@babel/standalone/download/@babel/standalone-7.15.3.tgz#60f74273202ffcc6bb1428918053449fe477227c"
    integrity sha1-YPdCcyAv/Ma7FCiRgFNEn+R3Inw=
  
  "@vitejs/plugin-legacy@^1.5.1":
    version "1.5.1"
    resolved "https://registry.nlark.com/@vitejs/plugin-legacy/download/@vitejs/plugin-legacy-1.5.1.tgz#fef2a11c05d83f5ab13d2d04e52d75bac13c6e6c"
    integrity sha1-/vKhHAXYP1qxPS0E5S11usE8bmw=
    dependencies:
      "@babel/standalone" "^7.14.9"
      core-js "^3.16.0"
      magic-string "^0.25.7"
      regenerator-runtime "^0.13.9"
      systemjs "^6.10.2"
  
  "@vitejs/plugin-vue@^1.4.0":
    version "1.4.0"
    resolved "https://registry.nlark.com/@vitejs/plugin-vue/download/@vitejs/plugin-vue-1.4.0.tgz#962ae01b7fd16ad4007898c64ed639136e12215b"
    integrity sha1-lirgG3/RatQAeJjGTtY5E24SIVs=
  
  call-bind@^1.0.0:
    version "1.0.2"
    resolved "https://registry.nlark.com/call-bind/download/call-bind-1.0.2.tgz#b1d4e89e688119c3c9a903ad30abb2f6a919be3c"
    integrity sha1-sdTonmiBGcPJqQOtMKuy9qkZvjw=
    dependencies:
      function-bind "^1.1.1"
      get-intrinsic "^1.0.2"
  
  core-js@^3.16.0:
    version "3.16.2"
    resolved "https://registry.nlark.com/core-js/download/core-js-3.16.2.tgz?cache=0&sync_timestamp=1629206099454&other_urls=https%3A%2F%2Fregistry.nlark.com%2Fcore-js%2Fdownload%2Fcore-js-3.16.2.tgz#3f485822889c7fc48ef463e35be5cc2a4a01a1f4"
    integrity sha1-P0hYIoicf8SO9GPjW+XMKkoBofQ=
  
  function-bind@^1.1.1:
    version "1.1.1"
    resolved "https://registry.npm.taobao.org/function-bind/download/function-bind-1.1.1.tgz#a56899d3ea3c9bab874bb9773b7c5ede92f4895d"
    integrity sha1-pWiZ0+o8m6uHS7l3O3xe3pL0iV0=
  
  get-intrinsic@^1.0.2:
    version "1.1.1"
    resolved "https://registry.nlark.com/get-intrinsic/download/get-intrinsic-1.1.1.tgz#15f59f376f855c446963948f0d24cd3637b4abc6"
    integrity sha1-FfWfN2+FXERpY5SPDSTNNje0q8Y=
    dependencies:
      function-bind "^1.1.1"
      has "^1.0.3"
      has-symbols "^1.0.1"
  
  has-symbols@^1.0.1:
    version "1.0.2"
    resolved "https://registry.nlark.com/has-symbols/download/has-symbols-1.0.2.tgz#165d3070c00309752a1236a479331e3ac56f1423"
    integrity sha1-Fl0wcMADCXUqEjakeTMeOsVvFCM=
  
  has@^1.0.3:
    version "1.0.3"
    resolved "https://registry.nlark.com/has/download/has-1.0.3.tgz#722d7cbfc1f6aa8241f16dd814e011e1f41e8796"
    integrity sha1-ci18v8H2qoJB8W3YFOAR4fQeh5Y=
    dependencies:
      function-bind "^1.1.1"
  
  magic-string@^0.25.7:
    version "0.25.7"
    resolved "https://registry.nlark.com/magic-string/download/magic-string-0.25.7.tgz?cache=0&sync_timestamp=1618846922153&other_urls=https%3A%2F%2Fregistry.nlark.com%2Fmagic-string%2Fdownload%2Fmagic-string-0.25.7.tgz#3f497d6fd34c669c6798dcb821f2ef31f5445051"
    integrity sha1-P0l9b9NMZpxnmNy4IfLvMfVEUFE=
    dependencies:
      sourcemap-codec "^1.4.4"
  
  marked@^3.0.0:
    version "3.0.0"
    resolved "https://registry.nlark.com/marked/download/marked-3.0.0.tgz?cache=0&sync_timestamp=1629083556924&other_urls=https%3A%2F%2Fregistry.nlark.com%2Fmarked%2Fdownload%2Fmarked-3.0.0.tgz#ac8369b7ddeef15fbbce870d14f321bdb20ca4e2"
    integrity sha1-rINpt93u8V+7zocNFPMhvbIMpOI=
  
  object-inspect@^1.9.0:
    version "1.11.0"
    resolved "https://registry.nlark.com/object-inspect/download/object-inspect-1.11.0.tgz#9dceb146cedd4148a0d9e51ab88d34cf509922b1"
    integrity sha1-nc6xRs7dQUig2eUauI00z1CZIrE=
  
  qs@^6.10.1:
    version "6.10.1"
    resolved "https://registry.npm.taobao.org/qs/download/qs-6.10.1.tgz?cache=0&sync_timestamp=1616385248556&other_urls=https%3A%2F%2Fregistry.npm.taobao.org%2Fqs%2Fdownload%2Fqs-6.10.1.tgz#4931482fa8d647a5aab799c5271d2133b981fb6a"
    integrity sha1-STFIL6jWR6Wqt5nFJx0hM7mB+2o=
    dependencies:
      side-channel "^1.0.4"
  
  regenerator-runtime@^0.13.9:
    version "0.13.9"
    resolved "https://registry.nlark.com/regenerator-runtime/download/regenerator-runtime-0.13.9.tgz#8925742a98ffd90814988d7566ad30ca3b263b52"
    integrity sha1-iSV0Kpj/2QgUmI11Zq0wyjsmO1I=
  
  side-channel@^1.0.4:
    version "1.0.4"
    resolved "https://registry.nlark.com/side-channel/download/side-channel-1.0.4.tgz#efce5c8fdc104ee751b25c58d4290011fa5ea2cf"
    integrity sha1-785cj9wQTudRslxY1CkAEfpeos8=
    dependencies:
      call-bind "^1.0.0"
      get-intrinsic "^1.0.2"
      object-inspect "^1.9.0"
  
  sourcemap-codec@^1.4.4:
    version "1.4.8"
    resolved "https://registry.nlark.com/sourcemap-codec/download/sourcemap-codec-1.4.8.tgz#ea804bd94857402e6992d05a38ef1ae35a9ab4c4"
    integrity sha1-6oBL2UhXQC5pktBaOO8a41qatMQ=
  
  systemjs@^6.10.2:
    version "6.10.3"
    resolved "https://registry.nlark.com/systemjs/download/systemjs-6.10.3.tgz#7e783fccb58232f1d9eb05c7e1a661268945cade"
    integrity sha1-fng/zLWCMvHZ6wXH4aZhJolFyt4=
